18:39:18  [ERROR] : java.lang.NullPointerException
java.lang.NullPointerException: null
	at com.kc.webKeyWord.WebKeyWord.visitWeb(WebKeyWord.java:70) [classes/:?]
	at com.kc.webKeyWord.SaveScrShotTest.main(SaveScrShotTest.java:7) [classes/:?]
18:39:50  [INFO ] : 访问的网址是：https://www.baidu.com/
18:39:50  [INFO ] : input输入报错,xpath定位元素找不到。
18:39:50  [ERROR] : org.openqa.selenium.InvalidSelectorException: invalid selector: Unable to locate an element with the xpath expression 111 because of the following error:
TypeError: Failed to execute 'evaluate' on 'Document': The result is not a node set, and therefore cannot be converted to the desired type.
  (Session info: chrome=80.0.3987.87)
For documentation on this error, please visit: https://www.seleniumhq.org/exceptions/invalid_selector_exception.html
Build info: version: '3.141.59', revision: 'e82be7d358', time: '2018-11-14T08:17:03'
System info: host: 'ADMIN-PC', ip: '192.168.0.100', os.name: 'Windows 7', os.arch: 'amd64', os.version: '6.1', java.version: '10.0.2'
Driver info: org.openqa.selenium.chrome.ChromeDriver
Capabilities {acceptInsecureCerts: false, browserName: chrome, browserVersion: 80.0.3987.87, chrome: {chromedriverVersion: 80.0.3987.16 (320f6526c1632..., userDataDir: C:\Users\admin\AppData\Loca...}, goog:chromeOptions: {debuggerAddress: localhost:21737}, javascriptEnabled: true, networkConnectionEnabled: false, pageLoadStrategy: normal, platform: WINDOWS, platformName: WINDOWS, proxy: Proxy(), setWindowRect: true, strictFileInteractability: false, timeouts: {implicit: 0, pageLoad: 300000, script: 30000}, unhandledPromptBehavior: dismiss and notify}
Session ID: 6fb4e2b5aab5fdd44f4f7e0e2b282ff9
*** Element info: {Using=xpath, value=111}
org.openqa.selenium.InvalidSelectorException: invalid selector: Unable to locate an element with the xpath expression 111 because of the following error:
TypeError: Failed to execute 'evaluate' on 'Document': The result is not a node set, and therefore cannot be converted to the desired type.
  (Session info: chrome=80.0.3987.87)
For documentation on this error, please visit: https://www.seleniumhq.org/exceptions/invalid_selector_exception.html
Build info: version: '3.141.59', revision: 'e82be7d358', time: '2018-11-14T08:17:03'
System info: host: 'ADMIN-PC', ip: '192.168.0.100', os.name: 'Windows 7', os.arch: 'amd64', os.version: '6.1', java.version: '10.0.2'
Driver info: org.openqa.selenium.chrome.ChromeDriver
Capabilities {acceptInsecureCerts: false, browserName: chrome, browserVersion: 80.0.3987.87, chrome: {chromedriverVersion: 80.0.3987.16 (320f6526c1632..., userDataDir: C:\Users\admin\AppData\Loca...}, goog:chromeOptions: {debuggerAddress: localhost:21737}, javascriptEnabled: true, networkConnectionEnabled: false, pageLoadStrategy: normal, platform: WINDOWS, platformName: WINDOWS, proxy: Proxy(), setWindowRect: true, strictFileInteractability: false, timeouts: {implicit: 0, pageLoad: 300000, script: 30000}, unhandledPromptBehavior: dismiss and notify}
Session ID: 6fb4e2b5aab5fdd44f4f7e0e2b282ff9
*** Element info: {Using=xpath, value=111}
	at com.kc.webKeyWord.WebKeyWord.input(WebKeyWord.java:216) [classes/:?]
	at com.kc.webKeyWord.SaveScrShotTest.main(SaveScrShotTest.java:8) [classes/:?]
