16:35:02  [INFO ] : ===============测试开始=================
16:35:09  [INFO ] : 访问的网址是：http://www.testingedu.com.cn:8000/Admin/Admin/login
16:35:22  [INFO ] : 点击xpath元素找不到
16:35:22  [ERROR] : org.openqa.selenium.WebDriverException: chrome not reachable
  (Session info: chrome=80.0.3916:36:00  [INFO ] : 点击xpath元素找不到
16:36:00  [ERROR] : org.openqa.selenium.NoSuchElementException: no such element: Unable to locate element: {"method":"xpath","selector":"//td/div[text()='263']/../preceding-sibling::td[1]//a[text()='删除商品']"}
  (Session info: chrome=80.0.3987.106)
For documentation on this error, please visit: https://www.seleniumhq.org/exceptions/no_such_element.html
Build info: version: '3.141.59', revision: 'e82be7d358', time: '2018-11-14T08:17:03'
System info: host: 'ADMIN-PC', ip: '192.168.0.100', os.name: 'Windows 7', os.arch: 'amd64', os.version: '6.1', java.version: '10.0.2'
Driver info: org.openqa.selenium.chrome.ChromeDriver
Capabilities {acceptInsecureCerts: false, browserName: chrome, browserVersion: 80.0.3987.106, chrome: {chromedriverVersion: 80.0.3987.16 (320f6526c1632..., userDataDir: C:\Users\admin\AppData\Loca...}, goog:chromeOptions: {debuggerAddress: localhost:44018}, javascriptEnabled: true, networkConnectionEnabled: false, pageLoadStrategy: normal, platform: WINDOWS, platformName: WINDOWS, proxy: Proxy(), setWindowRect: true, strictFileInteractability: false, timeouts: {implicit: 0, pageLoad: 300000, script: 30000}, unhandledPromptBehavior: dismiss and notify}
Session ID: a64ad98b0e4bb582328bd72577782099
*** Element info: {Using=xpath, value=//td/div[text()='263']/../preceding-sibling::td[1]//a[text()='删除商品']}
org.openqa.selenium.NoSuchElementException: no such element: Unable to locate element: {"method":"xpath","selector":"//td/div[text()='263']/../preceding-sibling::td[1]//a[text()='删除商品']"}
  (Session info: chrome=80.0.3987.106)
For documentation on this error, please visit: https://www.seleniumhq.org/exceptions/no_such_element.html
Build info: version: '3.141.59', revision: 'e82be7d358', time: '2018-11-14T08:17:03'
System info: host: 'ADMIN-PC', ip: '192.168.0.100', os.name: 'Windows 7', os.arch: 'amd64', os.version: '6.1', java.version: '10.0.2'
Driver info: org.openqa.selenium.chrome.ChromeDriver
Capabilities {acceptInsecureCerts: false, browserName: chrome, browserVersion: 80.0.3987.106, chrome: {chromedriverVersion: 80.0.3987.16 (320f6526c1632..., userDataDir: C:\Users\admin\AppData\Loca...}, goog:chromeOptions: {debuggerAddress: localhost:44018}, javascriptEnabled: true, networkConnectionEnabled: false, pageLoadStrategy: normal, platform: WINDOWS, platformName: WINDOWS, proxy: Proxy(), setWindowRect: true, strictFileInteractability: false, timeouts: {implicit: 0, pageLoad: 300000, script: 30000}, unhandledPromptBehavior: dismiss and notify}
Session ID: a64ad98b0e4bb582328bd72577782099
*** Element info: {Using=xpath, value=//td/div[text()='263']/../preceding-sibling::td[1]//a[text()='删除商品']}
	at com.kc.webKeyWord.WebKeyWord.click(WebKeyWord.java:203) [classes/:?]
	at com.kc.webKeyWord.shopBackstageTest.deleteGood(shopBackstageTest.java:86) [classes/:?]
	at com.kc.webKeyWord.shopBackstageTest.main(shopBackstageTest.java:13) [classes/:?]
16:36:13  [INFO ] : 点击xpath元素找不到
16:36:13  [ERROR] : org.openqa.selenium.NoSuchElementException: no such element: Unable to locate element: {"method":"xpath","selector":"//a[text()='确定']"}
  (Session info: chrome=80.0.3987.106)
For documentation on this error, please visit: https://www.seleniumhq.org/exceptions/no_such_element.html
Build info: version: '3.141.59', revision: 'e82be7d358', time: '2018-11-14T08:17:03'
System info: host: 'ADMIN-PC', ip: '192.168.0.100', os.name: 'Windows 7', os.arch: 'amd64', os.version: '6.1', java.version: '10.0.2'
Driver info: org.openqa.selenium.chrome.ChromeDriver
Capabilities {acceptInsecureCerts: false, browserName: chrome, browserVersion: 80.0.3987.106, chrome: {chromedriverVersion: 80.0.3987.16 (320f6526c1632..., userDataDir: C:\Users\admin\AppData\Loca...}, goog:chromeOptions: {debuggerAddress: localhost:44018}, javascriptEnabled: true, networkConnectionEnabled: false, pageLoadStrategy: normal, platform: WINDOWS, platformName: WINDOWS, proxy: Proxy(), setWindowRect: true, strictFileInteractability: false, timeouts: {implicit: 0, pageLoad: 300000, script: 30000}, unhandledPromptBehavior: dismiss and notify}
Session ID: a64ad98b0e4bb582328bd72577782099
*** Element info: {Using=xpath, value=//a[text()='确定']}
org.openqa.selenium.NoSuchElementException: no such element: Unable to locate element: {"method":"xpath","selector":"//a[text()='确定']"}
  (Session info: chrome=80.0.3987.106)
For documentation on this error, please visit: https://www.seleniumhq.org/exceptions/no_such_element.html
Build info: version: '3.141.59', revision: 'e82be7d358', time: '2018-11-14T08:17:03'
System info: host: 'ADMIN-PC', ip: '192.168.0.100', os.name: 'Windows 7', os.arch: 'amd64', os.version: '6.1', java.version: '10.0.2'
Driver info: org.openqa.selenium.chrome.ChromeDriver
Capabilities {acceptInsecureCerts: false, browserName: chrome, browserVersion: 80.0.3987.106, chrome: {chromedriverVersion: 80.0.3987.16 (320f6526c1632..., userDataDir: C:\Users\admin\AppData\Loca...}, goog:chromeOptions: {debuggerAddress: localhost:44018}, javascriptEnabled: true, networkConnectionEnabled: false, pageLoadStrategy: normal, platform: WINDOWS, platformName: WINDOWS, proxy: Proxy(), setWindowRect: true, strictFileInteractability: false, timeouts: {implicit: 0, pageLoad: 300000, script: 30000}, unhandledPromptBehavior: dismiss and notify}
Session ID: a64ad98b0e4bb582328bd72577782099
*** Element info: {Using=xpath, value=//a[text()='确定']}
	at com.kc.webKeyWord.WebKeyWord.click(WebKeyWord.java:203) [classes/:?]
	at com.kc.webKeyWord.shopBackstageTest.deleteGood(shopBackstageTest.java:88) [classes/:?]
	at com.kc.webKeyWord.shopBackstageTest.main(shopBackstageTest.java:13) [classes/:?]
16:36:25  [INFO ] : 点击xpath元素找不到
16:36:25  [ERROR] : org.openqa.selenium.WebDriverException: chrome not reachable
  (Session info: chrome=80.0.3987.106)
Build info: version: '3.141.59', revision: 'e82be7d358', time: '2018-11-14T08:17:03'
System info: host: 'ADMIN-PC', ip: '192.168.0.100', os.name: 'Windows 7', os.arch: 'amd64', os.version: '6.1', java.version: '10.0.2'
Driver info: org.openqa.selenium.chrome.ChromeDriver
Capabilities {acceptInsecureCerts: false, browserName: chrome, browserVersion: 80.0.3987.106, chrome: {chromedriverVersion: 80.0.3987.16 (320f6526c1632..., userDataDir: C:\Users\admin\AppData\Loca...}, goog:chromeOptions: {debuggerAddress: localhost:44018}, javascriptEnabled: true, networkConnectionEnabled: false, pageLoadStrategy: normal, platform: WINDOWS, platformName: WINDOWS, proxy: Proxy(), setWindowRect: true, strictFileInteractability: false, timeouts: {implicit: 0, pageLoad: 300000, script: 30000}, unhandledPromptBehavior: dismiss and notify}
Session ID: a64ad98b0e4bb582328bd72577782099
*** Element info: {Using=xpath, value=//span[text()='添加商品']}
org.openqa.selenium.WebDriverException: chrome not reachable
  (Session info: chrome=80.0.3987.106)
Build info: version: '3.141.59', revision: 'e82be7d358', time: '2018-11-14T08:17:03'
System info: host: 'ADMIN-PC', ip: '192.168.0.100', os.name: 'Windows 7', os.arch: 'amd64', os.version: '6.1', java.version: '10.0.2'
Driver info: org.openqa.selenium.chrome.ChromeDriver
Capabilities {acceptInsecureCerts: false, browserName: chrome, browserVersion: 80.0.3987.106, chrome: {chromedriverVersion: 80.0.3987.16 (320f6526c1632..., userDataDir: C:\Users\admin\AppData\Loca...}, goog:chromeOptions: {debuggerAddress: localhost:44018}, javascriptEnabled: true, networkConnectionEnabled: false, pageLoadStrategy: normal, platform: WINDOWS, platformName: WINDOWS, proxy: Proxy(), setWindowRect: true, strictFileInteractability: false, timeouts: {implicit: 0, pageLoad: 300000, script: 30000}, unhandledPromptBehavior: dismiss and notify}
Session ID: a64ad98b0e4bb582328bd72577782099
*** Element info: {Using=xpath, value=//span[text()='添加商品']}
	at com.kc.webKeyWord.WebKeyWord.click(WebKeyWord.java:203) [classes/:?]
	at com.kc.webKeyWord.shopBackstageTest.addGood(shopBackstageTest.java:37) [classes/:?]
	at com.kc.webKeyWord.shopBackstageTest.main(shopBackstageTest.java:17) [classes/:?]
e2dadc92b186693
*** Element info: {Using=xpath, value=//span[text()='添加商品']}
org.openqa.selenium.WebDriverException: chrome not reachable
  (Session info: chrome=80.0.3987.106)
Build info: version: '3.141.59', revision: 'e82be7d358', time: '2018-11-14T08:17:03'
System info: host: 'ADMIN-PC', ip: '192.168.0.100', os.name: 'Windows 7', os.arch: 'amd64', os.version: '6.1', java.version: '10.0.2'
Driver info: org.openqa.selenium.chrome.ChromeDriver
Capabilities {acceptInsecureCerts: false, browserName: chrome, browserVersion: 80.0.3987.106, chrome: {chromedriverVersion: 80.0.3987.16 (320f6526c1632..., userDataDir: C:\Users\admin\AppData\Loca...}, goog:chromeOptions: {debuggerAddress: localhost:43976}, javascriptEnabled: true, networkConnectionEnabled: false, pageLoadStrategy: normal, platform: WINDOWS, platformName: WINDOWS, proxy: Proxy(), setWindowRect: true, strictFileInteractability: false, timeouts: {implicit: 0, pageLoad: 300000, script: 30000}, unhandledPromptBehavior: dismiss and notify}
Session ID: 2ded33d917d2eeaf2e2dadc92b186693
*** Element info: {Using=xpath, value=//span[text()='添加商品']}
	at com.kc.webKeyWord.WebKeyWord.click(WebKeyWord.java:203) [classes/:?]
	at com.kc.webKeyWord.shopBackstageTest.addGood(shopBackstageTest.java:37) [classes/:?]
	at com.kc.webKeyWord.shopBackstageTest.main(shopBackstageTest.java:17) [classes/:?]
16:36:19  [INFO ] : ===============测试开始=================
16:36:26  [INFO ] : 访问的网址是：http://www.testingedu.com.cn:8000/Admin/Admin/login
16:36:49  [INFO ] : 点击xpath元素找不到
16:36:49  [ERROR] 16:36:51  [INFO ] : 访问的网址是：http://www.testingedu.com.cn:8000/Admin/Admin/login
16:37:10  [INFO ] : 点击xpath元素找不到
16:37:10  [ERROR] : org.openqa.selenium.NoSuchElementException: no such element: Unable to locate element: {"method":"xpath","selector":"//span[text()='添加商品']"}
  (Session info: chrome=80.0.3987.106)
For documentation on this error, please visit: https://www.seleniumhq.org/exceptions/no_such_element.html
Build info: version: '3.141.59', revision: 'e82be7d358', time: '2018-11-14T08:17:03'
System info: host: 'ADMIN-PC', ip: '192.168.0.100', os.name: 'Windows 7', os.arch: 'amd64', os.version: '6.1', java.version: '10.0.2'
Driver info: org.openqa.selenium.chrome.ChromeDriver
Capabilities {acceptInsecureCerts: false, browserName: chrome, browserVersion: 80.0.3987.106, chrome: {chromedriverVersion: 80.0.3987.16 (320f6526c1632..., userDataDir: C:\Users\admin\AppData\Loca...}, goog:chromeOptions: {debuggerAddress: localhost:44314}, javascriptEnabled: true, networkConnectionEnabled: false, pageLoadStrategy: normal, platform: WINDOWS, platformName: WINDOWS, proxy: Proxy(), setWindowRect: true, strictFileInteractability: false, timeouts: {implicit: 0, pageLoad: 300000, script: 30000}, unhandledPromptBehavior: dismiss and notify}
Session ID: 8b3c5f4c2004b26b12b04338dd904da8
*** Element info: {Using=xpath, value=//span[text()='添加商品']}
org.openqa.selenium.NoSuchElementException: no such element: Unable to locate element: {"method":"xpath","selector":"//span[text()='添加商品']"}
  (Session info: chrome=80.0.3987.106)
For documentation on this error, please visit: https://www.seleniumhq.org/exceptions/no_such_element.html
Build info: version: '3.141.59', revision: 'e82be7d358', time: '2018-11-14T08:17:03'
System info: host: 'ADMIN-PC', ip: '192.168.0.100', os.name: 'Windows 7', os.arch: 'amd64', os.version: '6.1', java.version: '10.0.2'
Driver info: org.openqa.selenium.chrome.ChromeDriver
Capabilities {acceptInsecureCerts: false, browserName: chrome, browserVersion: 80.0.3987.106, chrome: {chromedriverVersion: 80.0.3987.16 (320f6526c1632..., userDataDir: C:\Users\admin\AppData\Loca...}, goog:chromeOptions: {debuggerAddress: localhost:44314}, javascriptEnabled: true, networkConnectionEnabled: false, pageLoadStrategy: normal, platform: WINDOWS, platformName: WINDOWS, proxy: Proxy(), setWindowRect: true, strictFileInteractability: false, timeouts: {implicit: 0, pageLoad: 300000, script: 30000}, unhandledPromptBehavior: dismiss and notify}
Session ID: 8b3c5f4c2004b26b12b04338dd904da8
*** Element info: {Using=xpath, value=//span[text()='添加商品']}
	at com.kc.webKeyWord.WebKeyWord.click(WebKeyWord.java:203) [classes/:?]
	at com.kc.webKeyWord.shopBackstageTest.addGood(shopBackstageTest.java:37) [classes/:?]
	at com.kc.webKeyWord.shopBackstageTest.main(shopBackstageTest.java:17) [classes/:?]
16:37:26  [INFO ] : input输入报错,xpath定位元素找不到。
16:37:26  [ERROR] : org.openqa.selenium.NoSuchElementException: no such element: Unable to locate element: {"method":"xpath","selector":"//input[@name='goods_name']"}
  (Session info: chrome=80.0.3987.106)
For documentation on this error, please visit: https://www.seleniumhq.org/exceptions/no_such_element.html
Build info: version: '3.141.59', revision: 'e82be7d358', time: '2018-11-14T08:17:03'
System info: host: 'ADMIN-PC', ip: '192.168.0.100', os.name: 'Windows 7', os.arch: 'amd64', os.version: '6.1', java.version: '10.0.2'
Driver info: org.openqa.selenium.chrome.ChromeDriver
Capabilities {acceptInsecureCerts: false, browserName: chrome, browserVersion: 80.0.3987.106, chrome: {chromedriverVersion: 80.0.3987.16 (320f6526c1632..., userDataDir: C:\Users\admin\AppData\Loca...}, goog:chromeOptions: {debuggerAddress: localhost:44314}, javascriptEnabled: true, networkConnectionEnabled: false, pageLoadStrategy: normal, platform: WINDOWS, platformName: WINDOWS, proxy: Proxy(), setWindowRect: true, strictFileInteractability: false, timeouts: {implicit: 0, pageLoad: 300000, script: 30000}, unhandledPromptBehavior: dismiss and notify}
Session ID: 8b3c5f4c2004b26b12b04338dd904da8
*** Element info: {Using=xpath, value=//input[@name='goods_name']}
org.openqa.selenium.NoSuchElementException: no such element: Unable to locate element: {"method":"xpath","selector":"//input[@name='goods_name']"}
  (Session info: chrome=80.0.3987.106)
For documentation on this error, please visit: https://www.seleniumhq.org/exceptions/no_such_element.html
Build info: version: '3.141.59', revision: 'e82be7d358', time: '2018-11-14T08:17:03'
System info: host: 'ADMIN-PC', ip: '192.168.0.100', os.name: 'Windows 7', os.arch: 'amd64', os.version: '6.1', java.version: '10.0.2'
Driver info: org.openqa.selenium.chrome.ChromeDriver
Capabilities {acceptInsecureCerts: false, browserName: chrome, browserVersion: 80.0.3987.106, chrome: {chromedriverVersion: 80.0.3987.16 (320f6526c1632..., userDataDir: C:\Users\admin\AppData\Loca...}, goog:chromeOptions: {debuggerAddress: localhost:44314}, javascriptEnabled: true, networkConnectionEnabled: false, pageLoadStrategy: normal, platform: WINDOWS, platformName: WINDOWS, proxy: Proxy(), setWindowRect: true, strictFileInteractability: false, timeouts: {implicit: 0, pageLoad: 300000, script: 30000}, unhandledPromptBehavior: dismiss and notify}
Session ID: 8b3c5f4c2004b26b12b04338dd904da8
*** Element info: {Using=xpath, value=//input[@name='goods_name']}
	at com.kc.webKeyWord.WebKeyWord.input(WebKeyWord.java:221) [classes/:?]
	at com.kc.webKeyWord.shopBackstageTest.addGood(shopBackstageTest.java:39) [classes/:?]
	at com.kc.webKeyWord.shopBackstageTest.main(shopBackstageTest.java:17) [classes/:?]
16:37:40  [INFO ] : 通过select-option里面的文本内容选择元素失败
16:37:40  [ERROR] : org.openqa.selenium.NoSuchElementException: Cannot locate an element using xpath=(//select)[1]
For documentation on this error, please visit: https://www.seleniumhq.org/exceptions/no_such_element.html
Build info: version: '3.141.59', revision: 'e82be7d358', time: '2018-11-14T08:17:03'
System info: host: 'ADMIN-PC', ip: '192.168.0.100', os.name: 'Windows 7', os.arch: 'amd64', os.version: '6.1', java.version: '10.0.2'
Driver info: driver.version: unknown
org.openqa.selenium.NoSuchElementException: Cannot locate an element using xpath=(//select)[1]
For documentation on this error, please visit: https://www.seleniumhq.org/exceptions/no_such_element.html
Build info: version: '3.141.59', revision: 'e82be7d358', time: '2018-11-14T08:17:03'
System info: host: 'ADMIN-PC', ip: '192.168.0.100', os.name: 'Windows 7', os.arch: 'amd64', os.version: '6.1', java.version: '10.0.2'
Driver info: driver.version: unknown
	at com.kc.webKeyWord.WebKeyWord.selectByText(WebKeyWord.java:416) [classes/:?]
	at com.kc.webKeyWord.shopBackstageTest.addGood(shopBackstageTest.java:41) [classes/:?]
	at com.kc.webKeyWord.shopBackstageTest.main(shopBackstageTest.java:17) [classes/:?]
16:37:51  [INFO ] : 通过select-option里面的文本内容选择元素失败
16:37:51  [ERROR] : org.openqa.selenium.WebDriverException: chrome not reachable
  (Session info: chrome=80.0.3987.106)
Build info: version: '3.141.59', revision: 'e82be7d358', time: '2018-11-14T08:17:03'
System info: host: 'ADMIN-PC', ip: '192.168.0.100', os.name: 'Windows 7', os.arch: 'amd64', os.version: '6.1', java.version: '10.0.2'
Driver info: org.openqa.selenium.chrome.ChromeDriver
Capabilities {acceptInsecureCerts: false, browserName: chrome, browserVersion: 80.0.3987.106, chrome: {chromedriverVersion: 80.0.3987.16 (320f6526c1632..., userDataDir: C:\Users\admin\AppData\Loca...}, goog:chromeOptions: {debuggerAddress: localhost:44314}, javascriptEnabled: true, networkConnectionEnabled: false, pageLoadStrategy: normal, platform: WINDOWS, platformName: WINDOWS, proxy: Proxy(), setWindowRect: true, strictFileInteractability: false, timeouts: {implicit: 0, pageLoad: 300000, script: 30000}, unhandledPromptBehavior: dismiss and notify}
Session ID: 8b3c5f4c2004b26b12b04338dd904da8
*** Element info: {Using=xpath, value=//select[@name='cat_id_2']}
org.openqa.selenium.WebDriverException: chrome not reachable
  (Session info: chrome=80.0.3987.106)
Build info: version: '3.141.59', revision: 'e82be7d358', time: '2018-11-14T08:17:03'
System info: host: 'ADMIN-PC', ip: '192.168.0.100', os.name: 'Windows 7', os.arch: 'amd64', os.version: '6.1', java.version: '10.0.2'
Driver info: org.openqa.selenium.chrome.ChromeDriver
Capabilities {acceptInsecureCerts: false, browserName: chrome, browserVersion: 80.0.3987.106, chrome: {chromedriverVersion: 80.0.3987.16 (320f6526c1632..., userDataDir: C:\Users\admin\AppData\Loca...}, goog:chromeOptions: {debuggerAddress: localhost:44314}, javascriptEnabled: true, networkConnectionEnabled: false, pageLoadStrategy: normal, platform: WINDOWS, platformName: WINDOWS, proxy: Proxy(), setWindowRect: true, strictFileInteractability: false, timeouts: {implicit: 0, pageLoad: 300000, script: 30000}, unhandledPromptBehavior: dismiss and notify}
Session ID: 8b3c5f4c2004b26b12b04338dd904da8
*** Element info: {Using=xpath, value=//select[@name='cat_id_2']}
	at com.kc.webKeyWord.WebKeyWord.selectByText(WebKeyWord.java:416) [classes/:?]
	at com.kc.webKeyWord.shopBackstageTest.addGood(shopBackstageTest.java:43) [classes/:?]
	at com.kc.webKeyWord.shopBackstageTest.main(shopBackstageTest.java:17) [classes/:?]
16:38:03  [INFO ] : 通过select-option里面的文本内容选择16:38:03  [INFO ] : 访问的网址是：http://www.testingedu.com.cn:8000/Admin/Admin/login

  (Session info: chrome=80.0.3987.106)
Build info: version: '3.141.59', revision: 'e82be7d358', time: '2018-11-14T08:17:03'
System info: host: 'ADMIN-PC', ip: '192.168.0.100', os.name: 'Windows 7', os.arch: 'amd64', os.version: '6.1', java.version: '10.0.2'
Driver info: org.openqa.selenium.chrome.ChromeDriver
Capabilities {acceptInsecureCerts: false, browserName: chrome, browserVersion: 80.0.3987.106, chrome: {chromedriverVersion: 80.0.3987.16 (320f6526c1632..., userDataDir: C:\Users\admin\AppData\Loca...}, goog:chromeOptions: {debuggerAddress: localhost:44314}, javascriptEnabled: true, networkConnectionEnabled: false, pageLoadStrategy: normal, platform: WINDOWS, platformName: WINDOWS, proxy: Proxy(), setWindowRect: true, strictFileInteractability: false, timeouts: {implicit: 0, pageLoad: 300000, script: 30000}, unhandledPromptBehavior: dismiss and notify}
Session ID: 8b3c5f4c2004b26b12b04338dd904da8
*** Element info: {Using=xpath, value=//select[@name='cat_id_3']}
org.openqa.selenium.WebDriverException: chrome not reachable
  (Session info: chrome=80.0.3987.106)
Build info: version: '3.141.59', revision: 'e82be7d358', time: '2018-11-14T08:17:03'
System info: host: 'ADMIN-PC', ip: '192.168.0.100', os.name: 'Windows 7', os.arch: 'amd64', os.version: '6.1', java.version: '10.0.2'
Driver info: org.openqa.selenium.chrome.ChromeDriver
Capabilities {acceptInsecureCerts: false, browserName: chrome, browserVersion: 80.0.3987.106, chrome: {chromedriverVersion: 80.0.3987.16 (320f6526c1632..., userDataDir: C:\Users\admin\AppData\Loca...}, goog:chromeOptions: {debuggerAddress: localhost:44314}, javascriptEnabled: true, networkConnectionEnabled: false, pageLoadStrategy: normal, platform: WINDOWS, platformName: WINDOWS, proxy: Proxy(), setWindowRect: true, strictFileInteractability: false, timeouts: {implicit: 0, pageLoad: 300000, script: 30000}, unhandledPromptBehavior: dismiss and notify}
Session ID: 8b3c5f4c2004b26b12b04338dd904da8
*** Element info: {Using=xpath, value=//select[@name='cat_id_3']}
	at com.kc.webKeyWord.WebKeyWord.selectByText(WebKeyWord.java:416) [classes/:?]
	at com.kc.webKeyWord.shopBackstageTest.addGood(shopBackstageTest.java:45) [classes/:?]
	at com.kc.webKeyWord.shopBackstageTest.main(shopBackstageTest.java:17) [classes/:?]
16:38:23  [INFO ] : ===============测试开始=================
16:38:26  [INFO ] : 访问的网址是：http://www.testingedu.com.cn:8000/Admin/Admin/login
16:40:35  [INFO ] : ===============测试开始=================
16:40:49  [INFO ] : ===============测试开始=================
16:40:52  [INFO ] : 访问的网址是：http://www.testingedu.com.cn:8000/Admin/Admin/login
16:41:12  [INFO ] : 点击xpath元素找不到
16:41:12  [ERROR] : org.openqa.selenium.NoSuchElementException: no such element: Unable to locate element: {"method":"xpath","selector":"//span[text()='添加商品']"}
  (Session info: chrome=80.0.3987.106)
For documentation on this error, please visit: https://www.seleniumhq.org/exceptions/no_such_element.html
Build info: version: '3.141.59', revision: 'e82be7d358', time: '2018-11-14T08:17:03'
System info: host: 'ADMIN-PC', ip: '192.168.0.100', os.name: 'Windows 7', os.arch: 'amd64', os.version: '6.1', java.version: '10.0.2'
Driver info: org.openqa.selenium.chrome.ChromeDriver
Capabilities {acceptInsecureCerts: false, browserName: chrome, browserVersion: 80.0.3987.106, chrome: {chromedriverVersion: 80.0.3987.16 (320f6526c1632..., userDataDir: C:\Users\admin\AppData\Loca...}, goog:chromeOptions: {debuggerAddress: localhost:44938}, javascriptEnabled: true, networkConnectionEnabled: false, pageLoadStrategy: normal, platform: WINDOWS, platformName: WINDOWS, proxy: Proxy(), setWindowRect: true, strictFileInteractability: false, timeouts: {implicit: 0, pageLoad: 300000, script: 30000}, unhandledPromptBehavior: dismiss and notify}
Session ID: 6c5db921b50351176b539e4b2ff5844d
*** Element info: {Using=xpath, value=//span[text()='添加商品']}
org.openqa.selenium.NoSuchElementException: no such element: Unable to locate element: {"method":"xpath","selector":"//span[text()='添加商品']"}
  (Session info: chrome=80.0.3987.106)
For documentation on this error, please visit: https://www.seleniumhq.org/exceptions/no_such_element.html
Build info: version: '3.141.59', revision: 'e82be7d358', time: '2018-11-14T08:17:03'
System info: host: 'ADMIN-PC', ip: '192.168.0.100', os.name: 'Windows 7', os.arch: 'amd64', os.version: '6.1', java.version: '10.0.2'
Driver info: org.openqa.selenium.chrome.ChromeDriver
Capabilities {acceptInsecureCerts: false, browserName: chrome, browserVersion: 80.0.3987.106, chrome: {chromedriverVersion: 80.0.3987.16 (320f6526c1632..., userDataDir: C:\Users\admin\AppData\Loca...}, goog:chromeOptions: {debuggerAddress: localhost:44938}, javascriptEnabled: true, networkConnectionEnabled: false, pageLoadStrategy: normal, platform: WINDOWS, platformName: WINDOWS, proxy: Proxy(), setWindowRect: true, strictFileInteractability: false, timeouts: {implicit: 0, pageLoad: 300000, script: 30000}, unhandledPromptBehavior: dismiss and notify}
Session ID: 6c5db921b50351176b539e4b2ff5844d
*** Element info: {Using=xpath, value=//span[text()='添加商品']}
	at com.kc.webKeyWord.WebKeyWord.click(WebKeyWord.java:203) [classes/:?]
	at com.kc.webKeyWord.shopBackstageTest.addGood(shopBackstageTest.java:37) [classes/:?]
	at com.kc.webKeyWord.shopBackstageTest.main(shopBackstageTest.java:17) [classes/:?]
16:41:27  [INFO ] : input输入报错,xpath定位元素找不到。
16:41:27  [ERROR] : org.openqa.selenium.NoSuchElementException: no such element: Unable to locate element: {"method":"xpath","selector":"//input[@name='goods_name']"}
  (Session info: chrome=80.0.3987.106)
For documentation on this error, please visit: https://www.seleniumhq.org/exceptions/no_such_element.html
Build info: version: '3.141.59', revision: 'e82be7d358', time: '2018-11-14T08:17:03'
System info: host: 'ADMIN-PC', ip: '192.168.0.100', os.name: 'Windows 7', os.arch: 'amd64', os.version: '6.1', java.version: '10.0.2'
Driver info: org.openqa.selenium.chrome.ChromeDriver
Capabilities {acceptInsecureCerts: false, browserName: chrome, browserVersion: 80.0.3987.106, chrome: {chromedriverVersion: 80.0.3987.16 (320f6526c1632..., userDataDir: C:\Users\admin\AppData\Loca...}, goog:chromeOptions: {debuggerAddress: localhost:44938}, javascriptEnabled: true, networkConnectionEnabled: false, pageLoadStrategy: normal, platform: WINDOWS, platformName: WINDOWS, proxy: Proxy(), setWindowRect: true, strictFileInteractability: false, timeouts: {implicit: 0, pageLoad: 300000, script: 30000}, unhandledPromptBehavior: dismiss and notify}
Session ID: 6c5db921b50351176b539e4b2ff5844d
*** Element info: {Using=xpath, value=//input[@name='goods_name']}
org.openqa.selenium.NoSuchElementException: no such element: Unable to locate element: {"method":"xpath","selector":"//input[@name='goods_name']"}
  (Session info: chrome=80.0.3987.106)
For documentation on this error, please visit: https://www.seleniumhq.org/exceptions/no_such_element.html
Build info: version: '3.141.59', revision: 'e82be7d358', time: '2018-11-14T08:17:03'
System info: host: 'ADMIN-PC', ip: '192.168.0.100', os.name: 'Windows 7', os.arch: 'amd64', os.version: '6.1', java.version: '10.0.2'
Driver info: org.openqa.selenium.chrome.ChromeDriver
Capabilities {acceptInsecureCerts: false, browserName: chrome, browserVersion: 80.0.3987.106, chrome: {chromedriverVersion: 80.0.3987.16 (320f6526c1632..., userDataDir: C:\Users\admin\AppData\Loca...}, goog:chromeOptions: {debuggerAddress: localhost:44938}, javascriptEnabled: true, networkConnectionEnabled: false, pageLoadStrategy: normal, platform: WINDOWS, platformName: WINDOWS, proxy: Proxy(), setWindowRect: true, strictFileInteractability: false, timeouts: {implicit: 0, pageLoad: 300000, script: 30000}, unhandledPromptBehavior: dismiss and notify}
Session ID: 6c5db921b50351176b539e4b2ff5844d
*** Element info: {Using=xpath, value=//input[@name='goods_name']}
	at com.kc.webKeyWord.WebKeyWord.input(WebKeyWord.java:221) [classes/:?]
	at com.kc.webKeyWord.shopBackstageTest.addGood(shopBackstageTest.java:39) [classes/:?]
	at com.kc.webKeyWord.shopBackstageTest.main(shopBackstageTest.java:17) [classes/:?]
16:41:47  [INFO ] : 通过select-option里面的文本内容选择元素失败
16:41:47  [ERROR] : org.openqa.selenium.NoSuchElementException: no such element: Unable to locate element: {"method":"xpath","selector":"(//select)[1]"}
  (Session info: chrome=80.0.3987.106)
For documentation on this error, please visit: https://www.seleniumhq.org/exceptions/no_such_element.html
Build info: version: '3.141.59', revision: 'e82be7d358', time: '2018-11-14T08:17:03'
System info: host: 'ADMIN-PC', ip: '192.168.0.100', os.name: 'Windows 7', os.arch: 'amd64', os.version: '6.1', java.version: '10.0.2'
Driver info: org.openqa.selenium.chrome.ChromeDriver
Capabilities {acceptInsecureCerts: false, browserName: chrome, browserVersion: 80.0.3987.106, chrome: {chromedriverVersion: 80.0.3987.16 (320f6526c1632..., userDataDir: C:\Users\admin\AppData\Loca...}, goog:chromeOptions: {debuggerAddress: localhost:44938}, javascriptEnabled: true, networkConnectionEnabled: false, pageLoadStrategy: normal, platform: WINDOWS, platformName: WINDOWS, proxy: Proxy(), setWindowRect: true, strictFileInteractability: false, timeouts: {implicit: 0, pageLoad: 300000, script: 30000}, unhandledPromptBehavior: dismiss and notify}
Session ID: 6c5db921b50351176b539e4b2ff5844d
*** Element info: {Using=xpath, value=(//select)[1]}
org.openqa.selenium.NoSuchElementException: no such element: Unable to locate element: {"method":"xpath","selector":"(//select)[1]"}
  (Session info: chrome=80.0.3987.106)
For documentation on this error, please visit: https://www.seleniumhq.org/exceptions/no_such_element.html
Build info: version: '3.141.59', revision: 'e82be7d358', time: '2018-11-14T08:17:03'
System info: host: 'ADMIN-PC', ip: '192.168.0.100', os.name: 'Windows 7', os.arch: 'amd64', os.version: '6.1', java.version: '10.0.2'
Driver info: org.openqa.selenium.chrome.ChromeDriver
Capabilities {acceptInsecureCerts: false, browserName: chrome, browserVersion: 80.0.3987.106, chrome: {chromedriverVersion: 80.0.3987.16 (320f6526c1632..., userDataDir: C:\Users\admin\AppData\Loca...}, goog:chromeOptions: {debuggerAddress: localhost:44938}, javascriptEnabled: true, networkConnectionEnabled: false, pageLoadStrategy: normal, platform: WINDOWS, platformName: WINDOWS, proxy: Proxy(), setWindowRect: true, strictFileInteractability: false, timeouts: {implicit: 0, pageLoad: 300000, script: 30000}, unhandledPromptBehavior: dismiss and notify}
Session ID: 6c5db921b50351176b539e4b2ff5844d
*** Element info: {Using=xpath, value=(//select)[1]}
	at com.kc.webKeyWord.WebKeyWord.selectByText(WebKeyWord.java:416) [classes/:?]
	at com.kc.webKeyWord.shopBackstageTest.addGood(shopBackstageTest.java:41) [classes/:?]
	at com.kc.webKeyWord.shopBackstageTest.main(shopBackstageTest.java:17) [classes/:?]
16:42:02  [INFO ] : 通过select-option里面的文本内容选择元素失败
16:42:02  [ERROR] : org.openqa.selenium.NoSuchElementException: no such element: Unable to locate element: {"method":"xpath","selector":"//select[@name='cat_id_2']"}
  (Session info: chrome=80.0.3987.106)
For documentation on this error, please visit: https://www.seleniumhq.org/exceptions/no_such_element.html
Build info: version: '3.141.59', revision: 'e82be7d358', time: '2018-11-14T08:17:03'
System info: host: 'ADMIN-PC', ip: '192.168.0.100', os.name: 'Windows 7', os.arch: 'amd64', os.version: '6.1', java.version: '10.0.2'
Driver info: org.openqa.selenium.chrome.ChromeDriver
Capabilities {acceptInsecureCerts: false, browserName: chrome, browserVersion: 80.0.3987.106, chrome: {chromedriverVersion: 80.0.3987.16 (320f6526c1632..., userDataDir: C:\Users\admin\AppData\Loca...}, goog:chromeOptions: {debuggerAddress: localhost:44938}, javascriptEnabled: true, networkConnectionEnabled: false, pageLoadStrategy: normal, platform: WINDOWS, platformName: WINDOWS, proxy: Proxy(), setWindowRect: true, strictFileInteractability: false, timeouts: {implicit: 0, pageLoad: 300000, script: 30000}, unhandledPromptBehavior: dismiss and notify}
Session ID: 6c5db921b50351176b539e4b2ff5844d
*** Element info: {Using=xpath, value=//select[@name='cat_id_2']}
org.openqa.selenium.NoSuchElementException: no such element: Unable to locate element: {"method":"xpath","selector":"//select[@name='cat_id_2']"}
  (Session info: chrome=80.0.3987.106)
For documentation on this error, please visit: https://www.seleniumhq.org/exceptions/no_such_element.html
Build info: version: '3.141.59', revision: 'e82be7d358', time: '2018-11-14T08:17:03'
System info: host: 'ADMIN-PC', ip: '192.168.0.100', os.name: 'Windows 7', os.arch: 'amd64', os.version: '6.1', java.version: '10.0.2'
Driver info: org.openqa.selenium.chrome.ChromeDriver
Capabilities {acceptInsecureCerts: false, browserName: chrome, browserVersion: 80.0.3987.106, chrome: {chromedriverVersion: 80.0.3987.16 (320f6526c1632..., userDataDir: C:\Users\admin\AppData\Loca...}, goog:chromeOptions: {debuggerAddress: localhost:44938}, javascriptEnabled: true, networkConnectionEnabled: false, pageLoadStrategy: normal, platform: WINDOWS, platformName: WINDOWS, proxy: Proxy(), setWindowRect: true, strictFileInteractability: false, timeouts: {implicit: 0, pageLoad: 300000, script: 30000}, unhandledPromptBehavior: dismiss and notify}
Session ID: 6c5db921b50351176b539e4b2ff5844d
*** Element info: {Using=xpath, value=//select[@name='cat_id_2']}
	at com.kc.webKeyWord.WebKeyWord.selectByText(WebKeyWord.java:416) [classes/:?]
	at com.kc.webKeyWord.shopBackstageTest.addGood(shopBackstageTest.java:43) [classes/:?]
	at com.kc.webKeyWord.shopBackstageTest.main(shopBackstageTest.java:17) [classes/:?]
16:42:17  [INFO ] : 通过select-option里面的文本内容选择元素失败
16:42:17  [ERROR] : org.openqa.selenium.NoSuchElementException: no such element: Unable to locate element: {"method":"xpath","selector":"//select[@name='cat_id_3']"}
  (Session info: chrome=80.0.3987.106)
For documentation on this error, please visit: https://www.seleniumhq.org/exceptions/no_such_element.html
Build info: version: '3.141.59', revision: 'e82be7d358', time: '2018-11-14T08:17:03'
System info: host: 'ADMIN-PC', ip: '192.168.0.100', os.name: 'Windows 7', os.arch: 'amd64', os.version: '6.1', java.version: '10.0.2'
Driver info: org.openqa.selenium.chrome.ChromeDriver
Capabilities {acceptInsecureCerts: false, browserName: chrome, browserVersion: 80.0.3987.106, chrome: {chromedriverVersion: 80.0.3987.16 (320f6526c1632..., userDataDir: C:\Users\admin\AppData\Loca...}, goog:chromeOptions: {debuggerAddress: localhost:44938}, javascriptEnabled: true, networkConnectionEnabled: false, pageLoadStrategy: normal, platform: WINDOWS, platformName: WINDOWS, proxy: Proxy(), setWindowRect: true, strictFileInteractability: false, timeouts: {implicit: 0, pageLoad: 300000, script: 30000}, unhandledPromptBehavior: dismiss and notify}
Session ID: 6c5db921b50351176b539e4b2ff5844d
*** Element info: {Using=xpath, value=//select[@name='cat_id_3']}
org.openqa.selenium.NoSuchElementException: no such element: Unable to locate element: {"method":"xpath","selector":"//select[@name='cat_id_3']"}
  (Session info: chrome=80.0.3987.106)
For documentation on this error, please visit: https://www.seleniumhq.org/exceptions/no_such_element.html
Build info: version: '3.141.59', revision: 'e82be7d358', time: '2018-11-14T08:17:03'
System info: host: 'ADMIN-PC', ip: '192.168.0.100', os.name: 'Windows 7', os.arch: 'amd64', os.version: '6.1', java.version: '10.0.2'
Driver info: org.openqa.selenium.chrome.ChromeDriver
Capabilities {acceptInsecureCerts: false, browserName: chrome, browserVersion: 80.0.3987.106, chrome: {chromedriverVersion: 80.0.3987.16 (320f6526c1632..., userDataDir: C:\Users\admin\AppData\Loca...}, goog:chromeOptions: {debuggerAddress: localhost:44938}, javascriptEnabled: true, networkConnectionEnabled: false, pageLoadStrategy: normal, platform: WINDOWS, platformName: WINDOWS, proxy: Proxy(), setWindowRect: true, strictFileInteractability: false, timeouts: {implicit: 0, pageLoad: 300000, script: 30000}, unhandledPromptBehavior: dismiss and notify}
Session ID: 6c5db921b50351176b539e4b2ff5844d
*** Element info: {Using=xpath, value=//select[@name='cat_id_3']}
	at com.kc.webKeyWord.WebKeyWord.selectByText(WebKeyWord.java:416) [classes/:?]
	at com.kc.webKeyWord.shopBackstageTest.addGood(shopBackstageTest.java:45) [classes/:?]
	at com.kc.webKeyWord.shopBackstageTest.main(shopBackstageTest.java:17) [classes/:?]
16:42:28  [INFO ] : input输入报错,xpath定位元素找不到。
16:42:28  [ERROR] : org.openqa.selenium.NoSuchElementException: no such element: Unable to locate element: {"method":"xpath","selector":"//input[@name='shop_price']"}
  (Session info: chrome=80.0.3987.106)
For documentation on this error, please visit: https://www.seleniumhq.org/exceptions/no_such_element.html
Build info: version: '3.141.59', revision: 'e82be7d358', time: '2018-11-14T08:17:03'
System info: host: 'ADMIN-PC', ip: '192.168.0.100', os.name: 'Windows 7', os.arch: 'amd64', os.version: '6.1', java.version: '10.0.2'
Driver info: org.openqa.selenium.chrome.ChromeDriver
Capabilities {acceptInsecureCerts: false, browserName: chrome, browserVersion: 80.0.3987.106, chrome: {chromedriverVersion: 80.0.3987.16 (320f6526c1632..., userDataDir: C:\Users\admin\AppData\Loca...}, goog:chromeOptions: {debuggerAddress: localhost:44938}, javascriptEnabled: true, networkConnectionEnabled: false, pageLoadStrategy: normal, platform: WINDOWS, platformName: WINDOWS, proxy: Proxy(), setWindowRect: true, strictFileInteractability: false, timeouts: {implicit: 0, pageLoad: 300000, script: 30000}, unhandledPromptBehavior: dismiss and notify}
Session ID: 6c5db921b50351176b539e4b2ff5844d
*** Element info: {Using=xpath, value=//input[@name='shop_price']}
org.openqa.selenium.NoSuchElementException: no such element: Unable to locate element: {"method":"xpath","selector":"//input[@name='shop_price']"}
  (Session info: chrome=80.0.3987.106)
For documentation on this error, please visit: https://www.seleniumhq.org/exceptions/no_such_element.html
Build info: version: '3.141.59', revision: 'e82be7d358', time: '2018-11-14T08:17:03'
System info: host: 'ADMIN-PC', ip: '192.168.0.100', os.name: 'Windows 7', os.arch: 'amd64', os.version: '6.1', java.version: '10.0.2'
Driver info: org.openqa.selenium.chrome.ChromeDriver
Capabilities {acceptInsecureCerts: false, browserName: chrome, browserVersion: 80.0.3987.106, chrome: {chromedriverVersion: 80.0.3987.16 (320f6526c1632..., userDataDir: C:\Users\admin\AppData\Loca...}, goog:chromeOptions: {debuggerAddress: localhost:44938}, javascriptEnabled: true, networkConnectionEnabled: false, pageLoadStrategy: normal, platform: WINDOWS, platformName: WINDOWS, proxy: Proxy(), setWindowRect: true, strictFileInteractability: false, timeouts: {implicit: 0, pageLoad: 300000, script: 30000}, unhandledPromptBehavior: dismiss and notify}
Session ID: 6c5db921b50351176b539e4b2ff5844d
*** Element info: {Using=xpath, value=//input[@name='shop_price']}
	at com.kc.webKeyWord.WebKeyWord.input(WebKeyWord.java:221) [classes/:?]
	at com.kc.webKeyWord.shopBackstageTest.addGood(shopBackstageTest.java:46) [classes/:?]
	at com.kc.webKeyWord.shopBackstageTest.main(shopBackstageTest.java:17) [classes/:?]
16:43:26  [INFO ] : ===============上架商品测试开始=================
16:43:31  [INFO ] : 点击xpath元素找不到
16:43:31  [ERROR] : java.lang.NullPointerException
java.lang.NullPointerException: null
	at com.kc.webKeyWord.WebKeyWord.click(WebKeyWord.java:203) [classes/:?]
	at com.kc.homework.shopBackstageLoadupGoods.main(shopBackstageLoadupGoods.java:11) [classes/:?]
16:43:41  [INFO ] : 开始上架新品
16:43:41  [INFO ] : 点击xpath元素找不到
16:43:41  [ERROR] : java.lang.NullPointerException
java.lang.NullPointerException: null
	at com.kc.webKeyWord.WebKeyWord.click(WebKeyWord.java:203) [classes/:?]
	at com.kc.homework.shopBackstageLoadupGoods.main(shopBackstageLoadupGoods.java:22) [classes/:?]
16:45:00  [INFO ] : 开始登录电商后端
16:45:00  [INFO ] : 电商后端登录失败
16:45:00  [ERROR] : java.lang.NullPointerException
java.lang.NullPointerException: null
	at com.kc.webKeyWord.WebKeyWord.loginShopBackstage(WebKeyWord.java:363) [classes/:?]
	at com.kc.homework.shopBackstageLoadupGoods.main(shopBackstageLoadupGoods.java:9) [classes/:?]
16:45:00  [INFO ] : ===============上架商品测试开始=================
16:45:05  [INFO ] : 点击xpath元素找不到
16:45:05  [ERROR] : java.lang.NullPointerException
java.lang.NullPointerException: null
	at com.kc.webKeyWord.WebKeyWord.click(WebKeyWord.java:203) [classes/:?]
	at com.kc.homework.shopBackstageLoadupGoods.main(shopBackstageLoadupGoods.java:12) [classes/:?]
16:45:15  [INFO ] : 开始上架新品
16:45:15  [INFO ] : 点击xpath元素找不到
16:45:15  [ERROR] : java.lang.NullPointerException
java.lang.NullPointerException: null
	at com.kc.webKeyWord.WebKeyWord.click(WebKeyWord.java:203) [classes/:?]
	at com.kc.homework.shopBackstageLoadupGoods.main(shopBackstageLoadupGoods.java:23) [classes/:?]
16:46:07  [ERROR] : java.lang.NullPointerException
java.lang.NullPointerException: null
	at com.kc.webKeyWord.WebKeyWord.visitWeb(WebKeyWord.java:74) [classes/:?]
	at com.kc.homework.shopBackstageLoadupGoods.main(shopBackstageLoadupGoods.java:9) [classes/:?]
16:46:07  [INFO ] : 开始登录电商后端
16:46:07  [INFO ] : 电商后端登录失败
16:46:07  [ERROR] : java.lang.NullPointerException
java.lang.NullPointerException: null
	at com.kc.webKeyWord.WebKeyWord.loginShopBackstage(WebKeyWord.java:363) [classes/:?]
	at com.kc.homework.shopBackstageLoadupGoods.main(shopBackstageLoadupGoods.java:10) [classes/:?]
16:46:07  [INFO ] : ===============上架商品测试开始=================
16:46:12  [INFO ] : 点击xpath元素找不到
16:46:12  [ERROR] : java.lang.NullPointerException
java.lang.NullPointerException: null
	at com.kc.webKeyWord.WebKeyWord.click(WebKeyWord.java:203) [classes/:?]
	at com.kc.homework.shopBackstageLoadupGoods.main(shopBackstageLoadupGoods.java:13) [classes/:?]
16:46:22  [INFO ] : 开始上架新品
16:46:22  [INFO ] : 点击xpath元素找不到
16:46:22  [ERROR] : java.lang.NullPointerException
java.lang.NullPointerException: null
	at com.kc.webKeyWord.WebKeyWord.click(WebKeyWord.java:203) [classes/:?]
	at com.kc.homework.shopBackstageLoadupGoods.main(shopBackstageLoadupGoods.java:24) [classes/:?]
16:46:40  [INFO ] : 访问的网址是：http://www.testingedu.com.cn:8000/Admin/Admin/login
16:46:40  [INFO ] : 开始登录电商后端
16:46:41  [INFO ] : ===============上架商品测试开始=================
16:47:07  [INFO ] : 开始上架新品
16:47:43  [INFO ] : 通过select-option里面的文本内容选择元素失败
16:47:43  [ERROR] : org.openqa.selenium.WebDriverException: 16:47:45  [INFO ] : ===============上架商品测试开始=================
16:48:01  [INFO ] : 开始上架新品
16:48:57  [INFO ] : input输入报错,xpath定位元素找不到。
16:48:57  [ERROR] : org.openqa.selenium.InvalidArgumentException: invalid argument: File not found : C:\Users\admin\Desktop\1.jpg
  (Session info: chrome=80.0.3987.106)
Build info: version: '3.141.59', revision: 'e82be7d358', time: '2018-11-14T08:17:03'
System info: host: 'ADMIN-PC', ip: '192.168.0.100', os.name: 'Windows 7', os.arch: 'amd64', os.version: '6.1', java.version: '10.0.2'
Driver info: org.openqa.selenium.chrome.ChromeDriver
Capabilities {acceptInsecureCerts: false, browserName: chrome, browserVersion: 80.0.3987.106, chrome: {chromedriverVersion: 80.0.3987.16 (320f6526c1632..., userDataDir: C:\Users\admin\AppData\Loca...}, goog:chromeOptions: {debuggerAddress: localhost:45670}, javascriptEnabled: true, networkConnectionEnabled: false, pageLoadStrategy: normal, platform: WINDOWS, platformName: WINDOWS, proxy: Proxy(), setWindowRect: true, strictFileInteractability: false, timeouts: {implicit: 0, pageLoad: 300000, script: 30000}, unhandledPromptBehavior: dismiss and notify}
Session ID: 4e6dc4846881fa85ce0ec423e494b52b
org.openqa.selenium.InvalidArgumentException: invalid argument: File not found : C:\Users\admin\Desktop\1.jpg
  (Session info: chrome=80.0.3987.106)
Build info: version: '3.141.59', revision: 'e82be7d358', time: '2018-11-14T08:17:03'
System info: host: 'ADMIN-PC', ip: '192.168.0.100', os.name: 'Windows 7', os.arch: 'amd64', os.version: '6.1', java.version: '10.0.2'
Driver info: org.openqa.selenium.chrome.ChromeDriver
Capabilities {acceptInsecureCerts: false, browserName: chrome, browserVersion: 80.0.3987.106, chrome: {chromedriverVersion: 80.0.3987.16 (320f6526c1632..., userDataDir: C:\Users\admin\AppData\Loca...}, goog:chromeOptions: {debuggerAddress: localhost:45670}, javascriptEnabled: true, networkConnectionEnabled: false, pageLoadStrategy: normal, platform: WINDOWS, platformName: WINDOWS, proxy: Proxy(), setWindowRect: true, strictFileInteractability: false, timeouts: {implicit: 0, pageLoad: 300000, script: 30000}, unhandledPromptBehavior: dismiss and notify}
Session ID: 4e6dc4846881fa85ce0ec423e494b52b
	at com.kc.webKeyWord.WebKeyWord.input(WebKeyWord.java:221) [classes/:?]
	at com.kc.webKeyWord.WebKeyWord.uploadFile(WebKeyWord.java:231) [classes/:?]
	at com.kc.homework.shopBackstageLoadupGoods.main(shopBackstageLoadupGoods.java:43) [classes/:?]
16:49:12  [INFO ] : 点击xpath元素找不到
16:49:12  [ERROR] : org.openqa.selenium.ElementNotInteractableException: element not interactable
  (Session info: chrome=80.0.3987.106)
Build info: version: '3.141.59', revision: 'e82be7d358', time: '2018-11-14T08:17:03'
System info: host: 'ADMIN-PC', ip: '192.168.0.100', os.name: 'Windows 7', os.arch: 'amd64', os.version: '6.1', java.version: '10.0.2'
Driver info: org.openqa.selenium.chrome.ChromeDriver
Capabilities {acceptInsecureCerts: false, browserName: chrome, browserVersion: 80.0.3987.106, chrome: {chromedriverVersion: 80.0.3987.16 (320f6526c1632..., userDataDir: C:\Users\admin\AppData\Loca...}, goog:chromeOptions: {debuggerAddress: localhost:45670}, javascriptEnabled: true, networkConnectionEnabled: false, pageLoadStrategy: normal, platform: WINDOWS, platformName: WINDOWS, proxy: Proxy(), setWindowRect: true, strictFileInteractability: false, timeouts: {implicit: 0, pageLoad: 300000, script: 30000}, unhandledPromptBehavior: dismiss and notify}
Session ID: 4e6dc4846881fa85ce0ec423e494b52b
org.openqa.selenium.ElementNotInteractableException: element not interactable
  (Session info: chrome=80.0.3987.106)
Build info: version: '3.141.59', revision: 'e82be7d358', time: '2018-11-14T08:17:03'
System info: host: 'ADMIN-PC', ip: '192.168.0.100', os.name: 'Windows 7', os.arch: 'amd64', os.version: '6.1', java.version: '10.0.2'
Driver info: org.openqa.selenium.chrome.ChromeDriver
Capabilities {acceptInsecureCerts: false, browserName: chrome, browserVersion: 80.0.3987.106, chrome: {chromedriverVersion: 80.0.3987.16 (320f6526c1632..., userDataDir: C:\Users\admin\AppData\Loca...}, goog:chromeOptions: {debuggerAddress: localhost:45670}, javascriptEnabled: true, networkConnectionEnabled: false, pageLoadStrategy: normal, platform: WINDOWS, platformName: WINDOWS, proxy: Proxy(), setWindowRect: true, strictFileInteractability: false, timeouts: {implicit: 0, pageLoad: 300000, script: 30000}, unhandledPromptBehavior: dismiss and notify}
Session ID: 4e6dc4846881fa85ce0ec423e494b52b
	at com.kc.webKeyWord.WebKeyWord.click(WebKeyWord.java:203) [classes/:?]
	at com.kc.homework.shopBackstageLoadupGoods.main(shopBackstageLoadupGoods.java:45) [classes/:?]
16:50:12  [INFO ] : 访问的网址是：http://www.testingedu.com.cn:8000/Admin/Admin/login
16:50:12  [INFO ] : 开始登录电商后端
16:50:14  [INFO ] : ===============上架商品测试开始=================
16:50:24  [INFO ] : 开始上架新品
